proguard/seeds.txt
dotnet.aoye.BadgeActivity
dotnet.aoye.BadgeActivity: BadgeActivity()
dotnet.aoye.ConfigActivity
dotnet.aoye.ConfigActivity: ConfigActivity()
dotnet.aoye.GuideActivity
dotnet.aoye.GuideActivity: GuideActivity()
dotnet.aoye.PopupActivity
dotnet.aoye.PopupActivity: PopupActivity()
dotnet.aoye.R$anim: int app_start
dotnet.aoye.R$anim: int bump_in
dotnet.aoye.R$anim: int bump_out
dotnet.aoye.R$anim: int crt_close
dotnet.aoye.R$anim: int crt_open
dotnet.aoye.R$anim: int fade_in
dotnet.aoye.R$anim: int fade_out
dotnet.aoye.R$anim: int flash_fade_in_deacc_fast
dotnet.aoye.R$anim: int flash_fade_in_deacc_medium
dotnet.aoye.R$anim: int flash_fade_in_deacc_slow
dotnet.aoye.R$anim: int maximize_left_bottom
dotnet.aoye.R$anim: int maximize_right_top
dotnet.aoye.R$anim: int minimize_left_bottom
dotnet.aoye.R$anim: int minimize_right_bottom
dotnet.aoye.R$anim: int minimize_right_top
dotnet.aoye.R$color: int dialog_title_blue
dotnet.aoye.R$color: int renren_sdk_edittext_bg
dotnet.aoye.R$color: int renren_sdk_edittext_border
dotnet.aoye.R$color: int renren_sdk_status_username_text
dotnet.aoye.R$color: int renren_sdk_title_bg
dotnet.aoye.R$color: int renren_sdk_title_border
dotnet.aoye.R$color: int renren_sdk_title_text
dotnet.aoye.R$color: int text
dotnet.aoye.R$color: int text_num_gray
dotnet.aoye.R$color: int transparent
dotnet.aoye.R$dimen: int dialog_bottom_margin
dotnet.aoye.R$dimen: int dialog_btn_close_right_margin
dotnet.aoye.R$dimen: int dialog_btn_close_top_margin
dotnet.aoye.R$dimen: int dialog_left_margin
dotnet.aoye.R$dimen: int dialog_right_margin
dotnet.aoye.R$dimen: int dialog_title_height
dotnet.aoye.R$dimen: int dialog_title_logo_left_margin
dotnet.aoye.R$dimen: int dialog_top_margin
dotnet.aoye.R$dimen: int padding_large
dotnet.aoye.R$dimen: int padding_medium
dotnet.aoye.R$dimen: int padding_small
dotnet.aoye.R$drawable: int abandon_ori
dotnet.aoye.R$drawable: int abandon_press
dotnet.aoye.R$drawable: int abandonbtn
dotnet.aoye.R$drawable: int apple
dotnet.aoye.R$drawable: int back_ori
dotnet.aoye.R$drawable: int back_press
dotnet.aoye.R$drawable: int backbtn
dotnet.aoye.R$drawable: int backpix
dotnet.aoye.R$drawable: int badge
dotnet.aoye.R$drawable: int badge_new_ori
dotnet.aoye.R$drawable: int badge_new_press
dotnet.aoye.R$drawable: int badge_ori
dotnet.aoye.R$drawable: int badge_pic_brzm_l
dotnet.aoye.R$drawable: int badge_pic_brzm_s
dotnet.aoye.R$drawable: int badge_pic_cjlz_l
dotnet.aoye.R$drawable: int badge_pic_cjlz_s
dotnet.aoye.R$drawable: int badge_pic_gyfm_l
dotnet.aoye.R$drawable: int badge_pic_gyfm_s
dotnet.aoye.R$drawable: int badge_pic_nzhm_l
dotnet.aoye.R$drawable: int badge_pic_nzhm_s
dotnet.aoye.R$drawable: int badge_pic_ppmm_l
dotnet.aoye.R$drawable: int badge_pic_ppmm_s
dotnet.aoye.R$drawable: int badge_pic_tgqf_l
dotnet.aoye.R$drawable: int badge_pic_tgqf_s
dotnet.aoye.R$drawable: int badge_pic_wjbf_l
dotnet.aoye.R$drawable: int badge_pic_wjbf_s
dotnet.aoye.R$drawable: int badge_pic_wjqw_l
dotnet.aoye.R$drawable: int badge_pic_wjqw_s
dotnet.aoye.R$drawable: int badge_pic_xssl_l
dotnet.aoye.R$drawable: int badge_pic_xssl_s
dotnet.aoye.R$drawable: int badge_pic_znkr_l
dotnet.aoye.R$drawable: int badge_pic_znkr_s
dotnet.aoye.R$drawable: int badge_press
dotnet.aoye.R$drawable: int badge_title_brzm
dotnet.aoye.R$drawable: int badge_title_cjlz
...
android.support.v4.view.ViewPager
android.support.v4.view.ViewPager: ViewPager(android.content.Context)
android.support.v4.view.ViewPager: ViewPager(android.content.Context,android.util.AttributeSet)
android.support.v4.view.ViewPager: void setScrollState(int)
android.support.v4.view.ViewPager: void setAdapter(android.support.v4.view.PagerAdapter)
android.support.v4.view.ViewPager: android.support.v4.view.PagerAdapter getAdapter()
android.support.v4.view.ViewPager: void setOnAdapterChangeListener(android.support.v4.view.ViewPager$OnAdapterChangeListener)
android.support.v4.view.ViewPager: void setCurrentItem(int)
android.support.v4.view.ViewPager: int getCurrentItem()
android.support.v4.view.ViewPager: void setOnPageChangeListener(android.support.v4.view.ViewPager$OnPageChangeListener)
android.support.v4.view.ViewPager: int getOffscreenPageLimit()
android.support.v4.view.ViewPager: void setOffscreenPageLimit(int)
android.support.v4.view.ViewPager: void setPageMargin(int)
android.support.v4.view.ViewPager: int getPageMargin()
android.support.v4.view.ViewPager: void setPageMarginDrawable(android.graphics.drawable.Drawable)
android.support.v4.view.ViewPager: void setPageMarginDrawable(int)
android.support.v4.view.ViewPager: void setScrollingCacheEnabled(boolean)
android.support.v4.view.ViewPager$SavedState
android.support.v4.view.ViewPager$SavedState: android.os.Parcelable$Creator CREATOR
com.renren.api.connect.android.AccessTokenManager
com.renren.api.connect.android.AccessTokenManager: android.os.Parcelable$Creator CREATOR
com.renren.api.connect.android.AuthorizationHelper$BlockActivity
com.renren.api.connect.android.AuthorizationHelper$BlockActivity: AuthorizationHelper$BlockActivity()
com.renren.api.connect.android.R$anim: int app_start
com.renren.api.connect.android.R$anim: int bump_in
com.renren.api.connect.android.R$anim: int bump_out
com.renren.api.connect.android.R$anim: int crt_close
com.renren.api.connect.android.R$anim: int crt_open
com.renren.api.connect.android.R$anim: int fade_in
com.renren.api.connect.android.R$anim: int fade_out
com.renren.api.connect.android.R$anim: int flash_fade_in_deacc_fast
com.renren.api.connect.android.R$anim: int flash_fade_in_deacc_medium
com.renren.api.connect.android.R$anim: int flash_fade_in_deacc_slow
com.renren.api.connect.android.R$anim: int maximize_left_bottom
com.renren.api.connect.android.R$anim: int maximize_right_top
com.renren.api.connect.android.R$anim: int minimize_left_bottom
com.renren.api.connect.android.R$anim: int minimize_right_bottom
com.renren.api.connect.android.R$anim: int minimize_right_top
com.renren.api.connect.android.R$color: int dialog_title_blue
com.renren.api.connect.android.R$color: int renren_sdk_edittext_bg
com.renren.api.connect.android.R$color: int renren_sdk_edittext_border
com.renren.api.connect.android.R$color: int renren_sdk_status_username_text
com.renren.api.connect.android.R$color: int renren_sdk_title_bg
com.renren.api.connect.android.R$color: int renren_sdk_title_border
com.renren.api.connect.android.R$color: int renren_sdk_title_text
com.renren.api.connect.android.R$color: int text
com.renren.api.connect.android.R$color: int text_num_gray
com.renren.api.connect.android.R$color: int transparent
com.renren.api.connect.android.R$dimen: int dialog_bottom_margin
com.renren.api.connect.android.R$dimen: int dialog_btn_close_right_margin
com.renren.api.connect.android.R$dimen: int dialog_btn_close_top_margin
com.renren.api.connect.android.R$dimen: int dialog_left_margin
com.renren.api.connect.android.R$dimen: int dialog_right_margin
com.renren.api.connect.android.R$dimen: int dialog_title_height
com.renren.api.connect.android.R$dimen: int dialog_title_logo_left_margin
com.renren.api.connect.android.R$dimen: int dialog_top_margin
com.renren.api.connect.android.R$dimen: int padding_large
com.renren.api.connect.android.R$dimen: int padding_medium
com.renren.api.connect.android.R$dimen: int padding_small