proguard/mapping.txt
dotnet.aoye.BadgeActivity -> dotnet.aoye.BadgeActivity:
    dotnet.aoye.ThisApp thisapp -> a
    android.view.GestureDetector gDetector -> b
    android.widget.ImageView[] BadgeImgPicV -> c
    android.widget.ImageView[] BadgeImgMaskV -> d
    android.widget.Button backBtn -> e
    void onCreate(android.os.Bundle) -> onCreate
    boolean onOptionsItemSelected(android.view.MenuItem) -> onOptionsItemSelected
    void init() -> a
    void onStop() -> onStop
    boolean onCreateOptionsMenu(android.view.Menu) -> onCreateOptionsMenu
    boolean onTouch(android.view.View,android.view.MotionEvent) -> onTouch
    boolean onDown(android.view.MotionEvent) -> onDown
    boolean onFling(android.view.MotionEvent,android.view.MotionEvent,float,float) -> onFling
    void onLongPress(android.view.MotionEvent) -> onLongPress
    boolean onScroll(android.view.MotionEvent,android.view.MotionEvent,float,float) -> onScroll
    void onShowPress(android.view.MotionEvent) -> onShowPress
    boolean onSingleTapUp(android.view.MotionEvent) -> onSingleTapUp
dotnet.aoye.BadgeActivity$1 -> dotnet.aoye.a:
    dotnet.aoye.BadgeActivity this$0 -> a
    void onClick(android.view.View) -> onClick
dotnet.aoye.BadgeActivity$2 -> dotnet.aoye.b:
    dotnet.aoye.BadgeActivity this$0 -> a
    int val$ii -> b
    void onClick(android.view.View) -> onClick
dotnet.aoye.ConfigActivity -> dotnet.aoye.ConfigActivity:
    android.widget.Button backBtn -> f
    android.widget.Button badgeBtn -> g
    android.widget.Button weiboBtn -> h
    android.widget.Button renrenBtn -> i
    android.view.GestureDetector gDetector -> a
    dotnet.aoye.util.XmlParser parser -> j
    android.widget.CheckBox cfgTv1 -> k
    android.widget.CheckBox cfgTv2 -> l
    android.widget.CheckBox cfgTv4 -> m
    android.widget.CheckBox cfgTv8 -> n
    android.widget.Button settime -> o
    android.widget.RadioButton rrRdBtn -> p
    android.widget.RadioButton wbRdBtn -> q
    android.widget.TextView settimeTv -> r
    boolean timeScrolled -> s
    boolean timeChanged -> t
    android.widget.RelativeLayout configrl -> b
    dotnet.aoye.ThisApp thisapp -> c
    dotnet.aoye.net.WeiboApi wbapi -> d
    dotnet.aoye.net.RenrenApi rrapi -> e
    android.content.Context thisContext -> u
    void onCreate(android.os.Bundle) -> onCreate
    void onStart() -> onStart
    boolean onCreateOptionsMenu(android.view.Menu) -> onCreateOptionsMenu
    void endOfConfig() -> a
    void gotoBadgeActivity() -> b
    boolean onKeyDown(int,android.view.KeyEvent) -> onKeyDown
    boolean onFling(android.view.MotionEvent,android.view.MotionEvent,float,float) -> onFling
    void login_rr() -> c
    void logout_rr() -> d
    void login_wb() -> e
    void logout_wb() -> f
    void showWBBtn(boolean) -> a
    void showRRBtn(boolean) -> b
dotnet.aoye.ConfigActivity$1 -> dotnet.aoye.c:
    dotnet.aoye.ConfigActivity this$0 -> a
    void onClick(android.view.View) -> onClick
dotnet.aoye.ConfigActivity$10 -> dotnet.aoye.d:
    android.os.Handler renrenHandler -> a
    dotnet.aoye.ConfigActivity this$0 -> b
    void onComplete(android.os.Bundle) -> a
    void onRenrenAuthError(com.renren.api.connect.android.exception.RenrenAuthError) -> a
    void onCancelLogin() -> a
    void onCancelAuth(android.os.Bundle) -> b
    dotnet.aoye.ConfigActivity access$0(dotnet.aoye.ConfigActivity$10) -> a
dotnet.aoye.ConfigActivity$10$1 -> dotnet.aoye.e:
    dotnet.aoye.ConfigActivity$10 this$1 -> a
    void run() -> run
dotnet.aoye.ConfigActivity$10$2 -> dotnet.aoye.f:
    dotnet.aoye.ConfigActivity$10 this$1 -> a
    void run() -> run
dotnet.aoye.ConfigActivity$11 -> dotnet.aoye.g:
    dotnet.aoye.ConfigActivity this$0 -> a
    void onComplete(android.os.Bundle) -> a
    void onWeiboException(com.weibo.net.WeiboException) -> a
    void onError(com.weibo.net.DialogError) -> a
    void onCancel() -> a
dotnet.aoye.ConfigActivity$2 -> dotnet.aoye.h:
    dotnet.aoye.ConfigActivity this$0 -> a
    void onClick(android.view.View) -> onClick
...
android.support.v4.view.ViewCompat$ICSViewCompatImpl -> android.support.v4.view.ah:
    boolean canScrollHorizontally(android.view.View,int) -> a
    void setAccessibilityDelegate(android.view.View,android.support.v4.view.AccessibilityDelegateCompat) -> a
android.support.v4.view.ViewCompat$JBViewCompatImpl -> android.support.v4.view.ai:
    void postInvalidateOnAnimation(android.view.View) -> b
    int getImportantForAccessibility(android.view.View) -> c
    void setImportantForAccessibility(android.view.View,int) -> b
android.support.v4.view.ViewCompat$ViewCompatImpl -> android.support.v4.view.aj:
    boolean canScrollHorizontally(android.view.View,int) -> a
    int getOverScrollMode(android.view.View) -> a
    void setAccessibilityDelegate(android.view.View,android.support.v4.view.AccessibilityDelegateCompat) -> a
    void postInvalidateOnAnimation(android.view.View) -> b
    int getImportantForAccessibility(android.view.View) -> c
    void setImportantForAccessibility(android.view.View,int) -> b
android.support.v4.view.ViewCompatGingerbread -> android.support.v4.view.ak:
    int getOverScrollMode(android.view.View) -> a
android.support.v4.view.ViewCompatHC -> android.support.v4.view.al:
    long getFrameTime() -> a
android.support.v4.view.ViewCompatICS -> android.support.v4.view.am:
    boolean canScrollHorizontally(android.view.View,int) -> a
    void setAccessibilityDelegate(android.view.View,java.lang.Object) -> a
android.support.v4.view.ViewCompatJB -> android.support.v4.view.an:
    void postInvalidateOnAnimation(android.view.View) -> a
    int getImportantForAccessibility(android.view.View) -> b
    void setImportantForAccessibility(android.view.View,int) -> a
android.support.v4.view.ViewConfigurationCompat -> android.support.v4.view.ao:
    android.support.v4.view.ViewConfigurationCompat$ViewConfigurationVersionImpl IMPL -> a
    int getScaledPagingTouchSlop(android.view.ViewConfiguration) -> a
android.support.v4.view.ViewConfigurationCompat$BaseViewConfigurationVersionImpl -> android.support.v4.view.ap:
    int getScaledPagingTouchSlop(android.view.ViewConfiguration) -> a
android.support.v4.view.ViewConfigurationCompat$FroyoViewConfigurationVersionImpl -> android.support.v4.view.aq:
    int getScaledPagingTouchSlop(android.view.ViewConfiguration) -> a
android.support.v4.view.ViewConfigurationCompat$ViewConfigurationVersionImpl -> android.support.v4.view.ar:
    int getScaledPagingTouchSlop(android.view.ViewConfiguration) -> a
android.support.v4.view.ViewConfigurationCompatFroyo -> android.support.v4.view.as:
    int getScaledPagingTouchSlop(android.view.ViewConfiguration) -> a