proguard/usage.txt
dotnet.aoye.BadgeActivity:
    private android.widget.RelativeLayout badgerl
    private android.widget.ImageView bgImg
    81:83:private void v10_back_button()
dotnet.aoye.BuildConfig
dotnet.aoye.ConfigActivity:
    public static final java.lang.String PREF_FILE
    public static final java.lang.String SLEEP_TIME
    public static final java.lang.String RENREN_LOGIN
    public static final java.lang.String WEIBO_LOGIN
    public static final java.lang.String SHOW_TIP
    public static final java.lang.String HASH
    public java.lang.String prefs
    public android.content.SharedPreferences$Editor editor
    public android.content.SharedPreferences sp
dotnet.aoye.GuideActivity:
    private int flipPos
    public android.view.GestureDetector gDetector
    android.os.Handler checkPkgHdl
    79:84:private void check12_24()
dotnet.aoye.R
dotnet.aoye.R$anim
dotnet.aoye.R$attr
dotnet.aoye.R$color
dotnet.aoye.R$dimen
dotnet.aoye.R$drawable
dotnet.aoye.R$id
dotnet.aoye.R$layout
dotnet.aoye.R$menu
dotnet.aoye.R$raw
dotnet.aoye.R$string
dotnet.aoye.R$style
dotnet.aoye.Receiver.SuperReceiver:
    private static final java.lang.String NET_ACTION
    private static final java.lang.String BOOT_ACTION
    63:75:public boolean isConnecttedToInternet()
dotnet.aoye.Service.ConstantService:
    103:108:public void registerReceiver()
dotnet.aoye.SleepActivity:
    android.os.Handler btnHdl
dotnet.aoye.SplashActivity:
    public static final java.lang.String PREF_FILE
dotnet.aoye.ThisApp:
    private static int[] BADGE_GOTTEN_COUNT
    170:170:public int getScreenHeight()
    189:189:public int getScreenWidth()
    275:275:public boolean getBadgeStatus(java.lang.String)
    317:317:public int getBadgeImgMaskId(java.lang.String)
    337:337:public int getBadgeImgPicId(java.lang.String)
    357:357:public int getBadgeDrawableBig(int)
    376:376:public int getBadgeTitleBig(int)
    437:437:public java.lang.String getBadgeNameCN(int)
    471:471:public boolean getBadgeSyncFlag()
    505:505:public boolean getShowHintTips()
    590:590:public java.lang.String getDownloadLink()
dotnet.aoye.TipActivity:
    private android.widget.ImageButton fanhui
dotnet.aoye.WelcomeActivity:
    com.renren.api.connect.android.view.RenrenAuthListener rrlistener
    private android.widget.ImageView bgImg
dotnet.aoye.net.RenrenApi:
    public static final java.lang.String APP_ID
    public static final java.lang.String API_KEY
dotnet.aoye.net.WeiboApi:
    private static final java.lang.String URL_ACTIVITY_CALLBACK
    private static final java.lang.String ACCESS_TOKEN_TAG
    private static final java.lang.String EXPIRES_TIME_TAG
    private static final java.lang.String EXPIRES_IN_TAG
    private static final java.lang.String CONSUMER_KEY
    private static final java.lang.String CONSUMER_SECRET
    private static java.lang.String ACCESS_TOKEN
    private static long EXPIRES_IN
dotnet.aoye.util.BadgeCheck:
    87:89:public void badge(int)
dotnet.aoye.util.XmlParser:
    private static final java.lang.String BADGE_FILE_NAME
    private static final java.lang.String CONFIG_FILE_NAME
    private int valueStd
dotnet.aoye.widget.wheel.ArrayWheelAdapter
dotnet.aoye.widget.wheel.NumericWheelAdapter:
    public static final int DEFAULT_MAX_VALUE
    private static final int DEFAULT_MIN_VALUE
...
android.support.v4.accessibilityservice.AccessibilityServiceInfoCompat$AccessibilityServiceInfoVersionImpl
android.support.v4.accessibilityservice.AccessibilityServiceInfoCompatIcs
android.support.v4.app.ActivityCompat
android.support.v4.app.ActivityCompatHoneycomb:
    27:27:ActivityCompatHoneycomb()
    34:35:static void dump(android.app.Activity,java.lang.String,java.io.FileDescriptor,java.io.PrintWriter,java.lang.String[])
android.support.v4.app.BackStackRecord:
    static final java.lang.String TAG
    static final int OP_NULL
    static final int OP_ADD
    static final int OP_REPLACE
    static final int OP_REMOVE
    static final int OP_HIDE
    static final int OP_SHOW
    static final int OP_DETACH
    static final int OP_ATTACH
    296:296:public int getId()
    300:300:public int getBreadCrumbTitleRes()
    304:304:public int getBreadCrumbShortTitleRes()
    308:311:public java.lang.CharSequence getBreadCrumbTitle()
    315:318:public java.lang.CharSequence getBreadCrumbShortTitle()
    337:338:public android.support.v4.app.FragmentTransaction add(android.support.v4.app.Fragment,java.lang.String)
    342:343:public android.support.v4.app.FragmentTransaction add(int,android.support.v4.app.Fragment)
    347:348:public android.support.v4.app.FragmentTransaction add(int,android.support.v4.app.Fragment,java.lang.String)
    352:376:private void doAddOp(int,android.support.v4.app.Fragment,java.lang.String,int)
    379:379:public android.support.v4.app.FragmentTransaction replace(int,android.support.v4.app.Fragment)
    383:388:public android.support.v4.app.FragmentTransaction replace(int,android.support.v4.app.Fragment,java.lang.String)
    392:397:public android.support.v4.app.FragmentTransaction remove(android.support.v4.app.Fragment)
    401:406:public android.support.v4.app.FragmentTransaction hide(android.support.v4.app.Fragment)
android.support.v4.app.DialogFragment
android.support.v4.app.Fragment:
    static final int INITIALIZING
    static final int CREATED
    static final int ACTIVITY_CREATED
    static final int STOPPED
    static final int STARTED
    static final int RESUMED
    465:465:public final int getId()
    472:472:public final java.lang.String getTag()
    483:487:public void setArguments(android.os.Bundle)
    494:494:public final android.os.Bundle getArguments()
    506:511:public void setInitialSavedState(android.support.v4.app.Fragment$SavedState)
    525:527:public void setTargetFragment(android.support.v4.app.Fragment,int)
    533:533:public final android.support.v4.app.Fragment getTargetFragment()
    540:540:public final int getTargetRequestCode()
    554:557:public final android.content.res.Resources getResources()
    567:567:public final java.lang.CharSequence getText(int)
    577:577:public final java.lang.String getString(int)
    590:590:public final varargs java.lang.String getString(int,java.lang.Object[])
    601:601:public final android.support.v4.app.FragmentManager getFragmentManager()
    608:608:public final boolean isAdded()
    617:617:public final boolean isDetached()
    626:626:public final boolean isRemoving()
    637:637:public final boolean isInLayout()
    645:645:public final boolean isResumed()
    654:654:public final boolean isVisible()
    666:666:public final boolean isHidden()
    694:695:public void setRetainInstance(boolean)
    698:698:public final boolean getRetainInstance()
android.support.v4.app.Fragment$SavedState:
    295:297:Fragment$SavedState(android.os.Bundle)